\\vmwfil01\homedrives23$\p513692\visual studio 2013\projects\shaders\directxtk\bin\desktop_2013\win32\release\directxtk.pch
\\vmwfil01\homedrives23$\p513692\visual studio 2013\projects\shaders\directxtk\bin\desktop_2013\win32\release\directxtk.pdb
\\vmwfil01\homedrives23$\p513692\visual studio 2013\projects\shaders\directxtk\bin\desktop_2013\win32\release\pch.obj
\\vmwfil01\homedrives23$\p513692\visual studio 2013\projects\shaders\directxtk\bin\desktop_2013\win32\release\modelloadvbo.obj
\\vmwfil01\homedrives23$\p513692\visual studio 2013\projects\shaders\directxtk\bin\desktop_2013\win32\release\modelloadsdkmesh.obj
\\vmwfil01\homedrives23$\p513692\visual studio 2013\projects\shaders\directxtk\bin\desktop_2013\win32\release\modelloadcmo.obj
\\vmwfil01\homedrives23$\p513692\visual studio 2013\projects\shaders\directxtk\bin\desktop_2013\win32\release\model.obj
\\vmwfil01\homedrives23$\p513692\visual studio 2013\projects\shaders\directxtk\bin\desktop_2013\win32\release\keyboard.obj
\\vmwfil01\homedrives23$\p513692\visual studio 2013\projects\shaders\directxtk\bin\desktop_2013\win32\release\graphicsmemory.obj
\\vmwfil01\homedrives23$\p513692\visual studio 2013\projects\shaders\directxtk\bin\desktop_2013\win32\release\geometry.obj
\\vmwfil01\homedrives23$\p513692\visual studio 2013\projects\shaders\directxtk\bin\desktop_2013\win32\release\geometricprimitive.obj
\\vmwfil01\homedrives23$\p513692\visual studio 2013\projects\shaders\directxtk\bin\desktop_2013\win32\release\gamepad.obj
\\vmwfil01\homedrives23$\p513692\visual studio 2013\projects\shaders\directxtk\bin\desktop_2013\win32\release\environmentmapeffect.obj
\\vmwfil01\homedrives23$\p513692\visual studio 2013\projects\shaders\directxtk\bin\desktop_2013\win32\release\effectfactory.obj
\\vmwfil01\homedrives23$\p513692\visual studio 2013\projects\shaders\directxtk\bin\desktop_2013\win32\release\effectcommon.obj
\\vmwfil01\homedrives23$\p513692\visual studio 2013\projects\shaders\directxtk\bin\desktop_2013\win32\release\binaryreader.obj
\\vmwfil01\homedrives23$\p513692\visual studio 2013\projects\shaders\directxtk\bin\desktop_2013\win32\release\dualtextureeffect.obj
\\vmwfil01\homedrives23$\p513692\visual studio 2013\projects\shaders\directxtk\bin\desktop_2013\win32\release\dgsleffectfactory.obj
\\vmwfil01\homedrives23$\p513692\visual studio 2013\projects\shaders\directxtk\bin\desktop_2013\win32\release\dgsleffect.obj
\\vmwfil01\homedrives23$\p513692\visual studio 2013\projects\shaders\directxtk\bin\desktop_2013\win32\release\ddstextureloader.obj
\\vmwfil01\homedrives23$\p513692\visual studio 2013\projects\shaders\directxtk\bin\desktop_2013\win32\release\commonstates.obj
\\vmwfil01\homedrives23$\p513692\visual studio 2013\projects\shaders\directxtk\bin\desktop_2013\win32\release\basiceffect.obj
\\vmwfil01\homedrives23$\p513692\visual studio 2013\projects\shaders\directxtk\bin\desktop_2013\win32\release\alphatesteffect.obj
\\vmwfil01\homedrives23$\p513692\visual studio 2013\projects\shaders\directxtk\bin\desktop_2013\win32\release\wictextureloader.obj
\\vmwfil01\homedrives23$\p513692\visual studio 2013\projects\shaders\directxtk\bin\desktop_2013\win32\release\vertextypes.obj
\\vmwfil01\homedrives23$\p513692\visual studio 2013\projects\shaders\directxtk\bin\desktop_2013\win32\release\spritefont.obj
\\vmwfil01\homedrives23$\p513692\visual studio 2013\projects\shaders\directxtk\bin\desktop_2013\win32\release\primitivebatch.obj
\\vmwfil01\homedrives23$\p513692\visual studio 2013\projects\shaders\directxtk\bin\desktop_2013\win32\release\spritebatch.obj
\\vmwfil01\homedrives23$\p513692\visual studio 2013\projects\shaders\directxtk\bin\desktop_2013\win32\release\skinnedeffect.obj
\\vmwfil01\homedrives23$\p513692\visual studio 2013\projects\shaders\directxtk\bin\desktop_2013\win32\release\simplemath.obj
\\vmwfil01\homedrives23$\p513692\visual studio 2013\projects\shaders\directxtk\bin\desktop_2013\win32\release\screengrab.obj
\\vmwfil01\homedrives23$\p513692\visual studio 2013\projects\shaders\directxtk\bin\desktop_2013\win32\release\normalmapeffect.obj
\\vmwfil01\homedrives23$\p513692\visual studio 2013\projects\shaders\directxtk\bin\desktop_2013\win32\release\mouse.obj
c:\directx11projects\directxtk\bin\desktop_2013\win32\release\directxtk.pch
c:\directx11projects\directxtk\bin\desktop_2013\win32\release\directxtk.pdb
c:\directx11projects\directxtk\bin\desktop_2013\win32\release\pch.obj
c:\directx11projects\directxtk\bin\desktop_2013\win32\release\modelloadvbo.obj
c:\directx11projects\directxtk\bin\desktop_2013\win32\release\modelloadsdkmesh.obj
c:\directx11projects\directxtk\bin\desktop_2013\win32\release\modelloadcmo.obj
c:\directx11projects\directxtk\bin\desktop_2013\win32\release\model.obj
c:\directx11projects\directxtk\bin\desktop_2013\win32\release\keyboard.obj
c:\directx11projects\directxtk\bin\desktop_2013\win32\release\graphicsmemory.obj
c:\directx11projects\directxtk\bin\desktop_2013\win32\release\geometricprimitive.obj
c:\directx11projects\directxtk\bin\desktop_2013\win32\release\gamepad.obj
c:\directx11projects\directxtk\bin\desktop_2013\win32\release\environmentmapeffect.obj
c:\directx11projects\directxtk\bin\desktop_2013\win32\release\effectfactory.obj
c:\directx11projects\directxtk\bin\desktop_2013\win32\release\effectcommon.obj
c:\directx11projects\directxtk\bin\desktop_2013\win32\release\binaryreader.obj
c:\directx11projects\directxtk\bin\desktop_2013\win32\release\dualtextureeffect.obj
c:\directx11projects\directxtk\bin\desktop_2013\win32\release\dgsleffectfactory.obj
c:\directx11projects\directxtk\bin\desktop_2013\win32\release\dgsleffect.obj
c:\directx11projects\directxtk\bin\desktop_2013\win32\release\ddstextureloader.obj
c:\directx11projects\directxtk\bin\desktop_2013\win32\release\commonstates.obj
c:\directx11projects\directxtk\bin\desktop_2013\win32\release\basiceffect.obj
c:\directx11projects\directxtk\bin\desktop_2013\win32\release\alphatesteffect.obj
c:\directx11projects\directxtk\bin\desktop_2013\win32\release\wictextureloader.obj
c:\directx11projects\directxtk\bin\desktop_2013\win32\release\vertextypes.obj
c:\directx11projects\directxtk\bin\desktop_2013\win32\release\spritefont.obj
c:\directx11projects\directxtk\bin\desktop_2013\win32\release\primitivebatch.obj
c:\directx11projects\directxtk\bin\desktop_2013\win32\release\spritebatch.obj
c:\directx11projects\directxtk\bin\desktop_2013\win32\release\skinnedeffect.obj
c:\directx11projects\directxtk\bin\desktop_2013\win32\release\simplemath.obj
c:\directx11projects\directxtk\bin\desktop_2013\win32\release\screengrab.obj
c:\directx11projects\directxtk\bin\desktop_2013\win32\release\normalmapeffect.obj
c:\directx11projects\directxtk\bin\desktop_2013\win32\release\mouse.obj
\\vmwfil01\homedrives23$\p513692\visual studio 2013\projects\shaders\directxtk\bin\desktop_2013\win32\release\directxtk.lib
c:\directx11projects\directxtk\bin\desktop_2013\win32\release\geometry.obj
c:\directx11projects\directxtk\bin\desktop_2013\win32\release\directxtk.lib
c:\directx11projects\directxtk\bin\desktop_2013\win32\release\directxt.e0b52ae7.tlog\cl.command.1.tlog
c:\directx11projects\directxtk\bin\desktop_2013\win32\release\directxt.e0b52ae7.tlog\cl.read.1.tlog
c:\directx11projects\directxtk\bin\desktop_2013\win32\release\directxt.e0b52ae7.tlog\cl.write.1.tlog
c:\directx11projects\directxtk\bin\desktop_2013\win32\release\directxt.e0b52ae7.tlog\lib-link.read.1.tlog
c:\directx11projects\directxtk\bin\desktop_2013\win32\release\directxt.e0b52ae7.tlog\lib-link.write.1.tlog
c:\directx11projects\directxtk\bin\desktop_2013\win32\release\directxt.e0b52ae7.tlog\lib.command.1.tlog
