c:\directx11projects\dxframework\debug\dxframework.pdb
c:\directx11projects\dxframework\debug\dxframework.idb
c:\directx11projects\dxframework\debug\system.obj
c:\directx11projects\dxframework\debug\spheremesh.obj
c:\directx11projects\dxframework\debug\rendertexture.obj
c:\directx11projects\dxframework\debug\quadmesh.obj
c:\directx11projects\dxframework\debug\pointmesh.obj
c:\directx11projects\dxframework\debug\planemesh.obj
c:\directx11projects\dxframework\debug\orthomesh.obj
c:\directx11projects\dxframework\debug\model.obj
c:\directx11projects\dxframework\debug\light.obj
c:\directx11projects\dxframework\debug\input.obj
c:\directx11projects\dxframework\debug\imgui_impl_dx11.obj
c:\directx11projects\dxframework\debug\imgui_draw.obj
c:\directx11projects\dxframework\debug\imgui_demo.obj
c:\directx11projects\dxframework\debug\imgui.obj
c:\directx11projects\dxframework\debug\d3d.obj
c:\directx11projects\dxframework\debug\cubemesh.obj
c:\directx11projects\dxframework\debug\camera.obj
c:\directx11projects\dxframework\debug\baseshader.obj
c:\directx11projects\dxframework\debug\basemesh.obj
c:\directx11projects\dxframework\debug\baseapplication.obj
c:\directx11projects\dxframework\debug\trianglemesh.obj
c:\directx11projects\dxframework\debug\tokenstream.obj
c:\directx11projects\dxframework\debug\timer.obj
c:\directx11projects\dxframework\debug\texturemanager.obj
c:\directx11projects\dxframework\debug\tessellationmesh.obj
c:\directx11projects\debug\dxframework.lib
c:\directx11projects\dxframework\debug\baseapplication.nativecodeanalysis.xml
c:\directx11projects\dxframework\debug\basemesh.nativecodeanalysis.xml
c:\directx11projects\dxframework\debug\baseshader.nativecodeanalysis.xml
c:\directx11projects\dxframework\debug\camera.nativecodeanalysis.xml
c:\directx11projects\dxframework\debug\cubemesh.nativecodeanalysis.xml
c:\directx11projects\dxframework\debug\d3d.nativecodeanalysis.xml
c:\directx11projects\dxframework\debug\imgui.nativecodeanalysis.xml
c:\directx11projects\dxframework\debug\imgui_demo.nativecodeanalysis.xml
c:\directx11projects\dxframework\debug\imgui_draw.nativecodeanalysis.xml
c:\directx11projects\dxframework\debug\imgui_impl_dx11.nativecodeanalysis.xml
c:\directx11projects\dxframework\debug\input.nativecodeanalysis.xml
c:\directx11projects\dxframework\debug\light.nativecodeanalysis.xml
c:\directx11projects\dxframework\debug\model.nativecodeanalysis.xml
c:\directx11projects\dxframework\debug\orthomesh.nativecodeanalysis.xml
c:\directx11projects\dxframework\debug\planemesh.nativecodeanalysis.xml
c:\directx11projects\dxframework\debug\pointmesh.nativecodeanalysis.xml
c:\directx11projects\dxframework\debug\quadmesh.nativecodeanalysis.xml
c:\directx11projects\dxframework\debug\rendertexture.nativecodeanalysis.xml
c:\directx11projects\dxframework\debug\spheremesh.nativecodeanalysis.xml
c:\directx11projects\dxframework\debug\system.nativecodeanalysis.xml
c:\directx11projects\dxframework\debug\tessellationmesh.nativecodeanalysis.xml
c:\directx11projects\dxframework\debug\texturemanager.nativecodeanalysis.xml
c:\directx11projects\dxframework\debug\timer.nativecodeanalysis.xml
c:\directx11projects\dxframework\debug\tokenstream.nativecodeanalysis.xml
c:\directx11projects\dxframework\debug\trianglemesh.nativecodeanalysis.xml
c:\directx11projects\dxframework\debug\vc.nativecodeanalysis.all.xml
c:\directx11projects\dxframework\debug\dxframework.tlog\cl.command.1.tlog
c:\directx11projects\dxframework\debug\dxframework.tlog\cl.read.1.tlog
c:\directx11projects\dxframework\debug\dxframework.tlog\cl.write.1.tlog
c:\directx11projects\dxframework\debug\dxframework.tlog\lib-link.read.1.tlog
c:\directx11projects\dxframework\debug\dxframework.tlog\lib-link.write.1.tlog
c:\directx11projects\dxframework\debug\dxframework.tlog\lib.command.1.tlog
