d:\projects\directx11projects\directxtk\bin\desktop_2013\win32\debug\directxtk.pch
d:\projects\directx11projects\directxtk\bin\desktop_2013\win32\debug\directxtk.pdb
d:\projects\directx11projects\directxtk\bin\desktop_2013\win32\debug\directxtk.idb
d:\projects\directx11projects\directxtk\bin\desktop_2013\win32\debug\pch.obj
d:\projects\directx11projects\directxtk\bin\desktop_2013\win32\debug\modelloadvbo.obj
d:\projects\directx11projects\directxtk\bin\desktop_2013\win32\debug\modelloadsdkmesh.obj
d:\projects\directx11projects\directxtk\bin\desktop_2013\win32\debug\modelloadcmo.obj
d:\projects\directx11projects\directxtk\bin\desktop_2013\win32\debug\model.obj
d:\projects\directx11projects\directxtk\bin\desktop_2013\win32\debug\keyboard.obj
d:\projects\directx11projects\directxtk\bin\desktop_2013\win32\debug\graphicsmemory.obj
d:\projects\directx11projects\directxtk\bin\desktop_2013\win32\debug\geometry.obj
d:\projects\directx11projects\directxtk\bin\desktop_2013\win32\debug\geometricprimitive.obj
d:\projects\directx11projects\directxtk\bin\desktop_2013\win32\debug\gamepad.obj
d:\projects\directx11projects\directxtk\bin\desktop_2013\win32\debug\environmentmapeffect.obj
d:\projects\directx11projects\directxtk\bin\desktop_2013\win32\debug\effectfactory.obj
d:\projects\directx11projects\directxtk\bin\desktop_2013\win32\debug\effectcommon.obj
d:\projects\directx11projects\directxtk\bin\desktop_2013\win32\debug\binaryreader.obj
d:\projects\directx11projects\directxtk\bin\desktop_2013\win32\debug\dualtextureeffect.obj
d:\projects\directx11projects\directxtk\bin\desktop_2013\win32\debug\dgsleffectfactory.obj
d:\projects\directx11projects\directxtk\bin\desktop_2013\win32\debug\dgsleffect.obj
d:\projects\directx11projects\directxtk\bin\desktop_2013\win32\debug\ddstextureloader.obj
d:\projects\directx11projects\directxtk\bin\desktop_2013\win32\debug\commonstates.obj
d:\projects\directx11projects\directxtk\bin\desktop_2013\win32\debug\basiceffect.obj
d:\projects\directx11projects\directxtk\bin\desktop_2013\win32\debug\alphatesteffect.obj
d:\projects\directx11projects\directxtk\bin\desktop_2013\win32\debug\wictextureloader.obj
d:\projects\directx11projects\directxtk\bin\desktop_2013\win32\debug\vertextypes.obj
d:\projects\directx11projects\directxtk\bin\desktop_2013\win32\debug\spritefont.obj
d:\projects\directx11projects\directxtk\bin\desktop_2013\win32\debug\primitivebatch.obj
d:\projects\directx11projects\directxtk\bin\desktop_2013\win32\debug\spritebatch.obj
d:\projects\directx11projects\directxtk\bin\desktop_2013\win32\debug\skinnedeffect.obj
d:\projects\directx11projects\directxtk\bin\desktop_2013\win32\debug\simplemath.obj
d:\projects\directx11projects\directxtk\bin\desktop_2013\win32\debug\screengrab.obj
d:\projects\directx11projects\directxtk\bin\desktop_2013\win32\debug\normalmapeffect.obj
d:\projects\directx11projects\directxtk\bin\desktop_2013\win32\debug\mouse.obj
d:\projects\directx11projects\directxtk\bin\desktop_2013\win32\debug\directxtk.lib
d:\projects\directx11projects\directxtk\bin\desktop_2013\win32\debug\directxt.e0b52ae7.tlog\cl.command.1.tlog
d:\projects\directx11projects\directxtk\bin\desktop_2013\win32\debug\directxt.e0b52ae7.tlog\cl.read.1.tlog
d:\projects\directx11projects\directxtk\bin\desktop_2013\win32\debug\directxt.e0b52ae7.tlog\cl.write.1.tlog
d:\projects\directx11projects\directxtk\bin\desktop_2013\win32\debug\directxt.e0b52ae7.tlog\lib-link.read.1.tlog
d:\projects\directx11projects\directxtk\bin\desktop_2013\win32\debug\directxt.e0b52ae7.tlog\lib-link.write.1.tlog
d:\projects\directx11projects\directxtk\bin\desktop_2013\win32\debug\directxt.e0b52ae7.tlog\lib.command.1.tlog
